#
# There is insufficient memory for the Java Runtime Environment to continue.
# Native memory allocation (malloc) failed to allocate 231632 bytes for Chunk::new
# Possible reasons:
#   The system is out of physical RAM or swap space
#   In 32 bit mode, the process size limit was hit
# Possible solutions:
#   Reduce memory load on the system
#   Increase physical memory or swap space
#   Check if swap backing store is full
#   Use 64 bit Java on a 64 bit OS
#   Decrease Java heap size (-Xmx/-Xms)
#   Decrease number of Java threads
#   Decrease Java thread stack sizes (-Xss)
#   Set larger code cache with -XX:ReservedCodeCacheSize=
# This output file may be truncated or incomplete.
#
#  Out of Memory Error (allocation.cpp:323), pid=63392, tid=24976
#
# JRE version: Java(TM) SE Runtime Environment (7.0_79-b15) (build 1.7.0_79-b15)
# Java VM: Java HotSpot(TM) 64-Bit Server VM (24.79-b02 mixed mode windows-amd64 compressed oops)
# Failed to write core dump. Minidumps are not enabled by default on client versions of Windows
#

---------------  T H R E A D  ---------------

Current thread (0x00000000103f0000):  JavaThread "C2 CompilerThread1" daemon [_thread_in_native, id=24976, stack(0x0000000011d20000,0x0000000011e20000)]

Stack: [0x0000000011d20000,0x0000000011e20000]

Current CompileTask:
C2:  10036 1328   !         org.apache.tomcat.util.digester.Digester::endElement (621 bytes)


---------------  P R O C E S S  ---------------

Java Threads: ( => current thread )
  0x0000000013a76800 JavaThread "localhost-startStop-1" daemon [_thread_in_vm, id=37380, stack(0x0000000016270000,0x0000000016370000)]
  0x00000000151c6800 JavaThread "Tomcat-startStop-1" daemon [_thread_blocked, id=13568, stack(0x0000000016170000,0x0000000016270000)]
  0x0000000013e6f000 JavaThread "main" [_thread_blocked, id=42912, stack(0x0000000013bf0000,0x0000000013cf0000)]
  0x00000000103f1000 JavaThread "Service Thread" daemon [_thread_blocked, id=33400, stack(0x0000000011e20000,0x0000000011f20000)]
=>0x00000000103f0000 JavaThread "C2 CompilerThread1" daemon [_thread_in_native, id=24976, stack(0x0000000011d20000,0x0000000011e20000)]
  0x00000000103e6000 JavaThread "C2 CompilerThread0" daemon [_thread_in_native, id=45192, stack(0x0000000011c20000,0x0000000011d20000)]
  0x00000000103d6800 JavaThread "JDWP Command Reader" daemon [_thread_in_native, id=58740, stack(0x0000000011b20000,0x0000000011c20000)]
  0x00000000103d2000 JavaThread "JDWP Event Helper Thread" daemon [_thread_blocked, id=22952, stack(0x0000000011a20000,0x0000000011b20000)]
  0x00000000103d0000 JavaThread "JDWP Transport Listener: dt_socket" daemon [_thread_blocked, id=61960, stack(0x0000000011920000,0x0000000011a20000)]
  0x00000000103bf000 JavaThread "Attach Listener" daemon [_thread_blocked, id=51728, stack(0x0000000011820000,0x0000000011920000)]
  0x00000000103bc000 JavaThread "Signal Dispatcher" daemon [_thread_blocked, id=57592, stack(0x0000000011720000,0x0000000011820000)]
  0x0000000010370000 JavaThread "Finalizer" daemon [_thread_blocked, id=7184, stack(0x0000000011620000,0x0000000011720000)]
  0x0000000010367000 JavaThread "Reference Handler" daemon [_thread_blocked, id=53000, stack(0x0000000011520000,0x0000000011620000)]
  0x000000000315e800 JavaThread "main" [_thread_blocked, id=39880, stack(0x0000000003040000,0x0000000003140000)]

Other Threads:
  0x0000000010362000 VMThread [stack: 0x0000000011420000,0x0000000011520000] [id=54860]
  0x00000000103f2800 WatcherThread [stack: 0x0000000011f20000,0x0000000012020000] [id=34308]

VM state:not at safepoint (normal execution)

VM Mutex/Monitor currently owned by a thread: None

Heap
 PSYoungGen      total 295424K, used 72583K [0x00000007ab400000, 0x00000007cff00000, 0x0000000800000000)
  eden space 261120K, 15% used [0x00000007ab400000,0x00000007ada4f4e8,0x00000007bb300000)
  from space 34304K, 97% used [0x00000007bb300000,0x00000007bd392898,0x00000007bd480000)
  to   space 39424K, 0% used [0x00000007cd880000,0x00000007cd880000,0x00000007cff00000)
 ParOldGen       total 173568K, used 44420K [0x0000000701c00000, 0x000000070c580000, 0x00000007ab400000)
  object space 173568K, 25% used [0x0000000701c00000,0x00000007047613d0,0x000000070c580000)
 PSPermGen       total 48128K, used 47724K [0x00000006fca00000, 0x00000006ff900000, 0x0000000701c00000)
  object space 48128K, 99% used [0x00000006fca00000,0x00000006ff89b020,0x00000006ff900000)

Card table byte_map: [0x0000000006680000,0x0000000006ea0000] byte_map_base: 0x0000000002e9b000

Polling page: 0x00000000017f0000

Code Cache  [0x0000000003680000, 0x0000000003ad0000, 0x0000000006680000)
 total_blobs=1578 nmethods=1202 adapters=335 free_code_cache=44883Kb largest_free_block=45828352

Compilation events (10 events):
Event: 10.004 Thread 0x00000000103f0000 nmethod 1325 0x000000000373c1d0 code [0x000000000373c360, 0x000000000373c728]
Event: 10.005 Thread 0x00000000103e6000 nmethod 1323 0x0000000003a04f90 code [0x0000000003a05140, 0x0000000003a06e00]
Event: 10.012 Thread 0x00000000103f0000 1326             com.sun.org.apache.xerces.internal.impl.XMLDocumentFragmentScannerImpl::setScannerState (6 bytes)
Event: 10.012 Thread 0x00000000103f0000 nmethod 1326 0x0000000003961b90 code [0x0000000003961cc0, 0x0000000003961d18]
Event: 10.013 Thread 0x00000000103e6000 1327             com.sun.org.apache.xerces.internal.impl.XMLEntityScanner::skipString (104 bytes)
Event: 10.013 Thread 0x00000000103f0000 1328   !         org.apache.tomcat.util.digester.Digester::endElement (621 bytes)
Event: 10.019 Thread 0x00000000103e6000 nmethod 1327 0x0000000003a1aa90 code [0x0000000003a1ac40, 0x0000000003a1b5c8]
Event: 10.029 Thread 0x00000000103e6000 1329             com.sun.org.apache.xerces.internal.util.XMLChar::isNameStart (22 bytes)
Event: 10.030 Thread 0x00000000103e6000 nmethod 1329 0x0000000003961950 code [0x0000000003961a80, 0x0000000003961af8]
Event: 10.030 Thread 0x00000000103e6000 1330             com.sun.org.apache.xerces.internal.impl.XMLEntityScanner::scanQName (517 bytes)

GC Heap History (10 events):
Event: 2.370 GC heap before
{Heap before GC invocations=3 (full 0):
 PSYoungGen      total 76288K, used 76284K [0x00000007ab400000, 0x00000007b0900000, 0x0000000800000000)
  eden space 65536K, 100% used [0x00000007ab400000,0x00000007af400000,0x00000007af400000)
  from space 10752K, 99% used [0x00000007afe80000,0x00000007b08ff038,0x00000007b0900000)
  to   space 10752K, 0% used [0x00000007af400000,0x00000007af400000,0x00000007afe80000)
 ParOldGen       total 173568K, used 1237K [0x0000000701c00000, 0x000000070c580000, 0x00000007ab400000)
  object space 173568K, 0% used [0x0000000701c00000,0x0000000701d356d0,0x000000070c580000)
 PSPermGen       total 21504K, used 15100K [0x00000006fca00000, 0x00000006fdf00000, 0x0000000701c00000)
  object space 21504K, 70% used [0x00000006fca00000,0x00000006fd8bf180,0x00000006fdf00000)
Event: 2.383 GC heap after
Heap after GC invocations=3 (full 0):
 PSYoungGen      total 76288K, used 10728K [0x00000007ab400000, 0x00000007b4900000, 0x0000000800000000)
  eden space 65536K, 0% used [0x00000007ab400000,0x00000007ab400000,0x00000007af400000)
  from space 10752K, 99% used [0x00000007af400000,0x00000007afe7a020,0x00000007afe80000)
  to   space 10752K, 0% used [0x00000007b3e80000,0x00000007b3e80000,0x00000007b4900000)
 ParOldGen       total 173568K, used 6497K [0x0000000701c00000, 0x000000070c580000, 0x00000007ab400000)
  object space 173568K, 3% used [0x0000000701c00000,0x00000007022586e0,0x000000070c580000)
 PSPermGen       total 21504K, used 15100K [0x00000006fca00000, 0x00000006fdf00000, 0x0000000701c00000)
  object space 21504K, 70% used [0x00000006fca00000,0x00000006fd8bf180,0x00000006fdf00000)
}
Event: 3.197 GC heap before
{Heap before GC invocations=4 (full 0):
 PSYoungGen      total 76288K, used 76264K [0x00000007ab400000, 0x00000007b4900000, 0x0000000800000000)
  eden space 65536K, 100% used [0x00000007ab400000,0x00000007af400000,0x00000007af400000)
  from space 10752K, 99% used [0x00000007af400000,0x00000007afe7a020,0x00000007afe80000)
  to   space 10752K, 0% used [0x00000007b3e80000,0x00000007b3e80000,0x00000007b4900000)
 ParOldGen       total 173568K, used 6497K [0x0000000701c00000, 0x000000070c580000, 0x00000007ab400000)
  object space 173568K, 3% used [0x0000000701c00000,0x00000007022586e0,0x000000070c580000)
 PSPermGen       total 21504K, used 15917K [0x00000006fca00000, 0x00000006fdf00000, 0x0000000701c00000)
  object space 21504K, 74% used [0x00000006fca00000,0x00000006fd98b600,0x00000006fdf00000)
Event: 3.209 GC heap after
Heap after GC invocations=4 (full 0):
 PSYoungGen      total 141824K, used 10744K [0x00000007ab400000, 0x00000007b4900000, 0x0000000800000000)
  eden space 131072K, 0% used [0x00000007ab400000,0x00000007ab400000,0x00000007b3400000)
  from space 10752K, 99% used [0x00000007b3e80000,0x00000007b48fe010,0x00000007b4900000)
  to   space 10752K, 0% used [0x00000007b3400000,0x00000007b3400000,0x00000007b3e80000)
 ParOldGen       total 173568K, used 11972K [0x0000000701c00000, 0x000000070c580000, 0x00000007ab400000)
  object space 173568K, 6% used [0x0000000701c00000,0x00000007027b1228,0x000000070c580000)
 PSPermGen       total 21504K, used 15917K [0x00000006fca00000, 0x00000006fdf00000, 0x0000000701c00000)
  object space 21504K, 74% used [0x00000006fca00000,0x00000006fd98b600,0x00000006fdf00000)
}
Event: 5.398 GC heap before
{Heap before GC invocations=5 (full 0):
 PSYoungGen      total 141824K, used 141816K [0x00000007ab400000, 0x00000007b4900000, 0x0000000800000000)
  eden space 131072K, 100% used [0x00000007ab400000,0x00000007b3400000,0x00000007b3400000)
  from space 10752K, 99% used [0x00000007b3e80000,0x00000007b48fe010,0x00000007b4900000)
  to   space 10752K, 0% used [0x00000007b3400000,0x00000007b3400000,0x00000007b3e80000)
 ParOldGen       total 173568K, used 11972K [0x0000000701c00000, 0x000000070c580000, 0x00000007ab400000)
  object space 173568K, 6% used [0x0000000701c00000,0x00000007027b1228,0x000000070c580000)
 PSPermGen       total 21504K, used 20233K [0x00000006fca00000, 0x00000006fdf00000, 0x0000000701c00000)
  object space 21504K, 94% used [0x00000006fca00000,0x00000006fddc2548,0x00000006fdf00000)
Event: 5.421 GC heap after
Heap after GC invocations=5 (full 0):
 PSYoungGen      total 141824K, used 10752K [0x00000007ab400000, 0x00000007bf500000, 0x0000000800000000)
  eden space 131072K, 0% used [0x00000007ab400000,0x00000007ab400000,0x00000007b3400000)
  from space 10752K, 100% used [0x00000007b3400000,0x00000007b3e80000,0x00000007b3e80000)
  to   space 33280K, 0% used [0x00000007bd480000,0x00000007bd480000,0x00000007bf500000)
 ParOldGen       total 173568K, used 37650K [0x0000000701c00000, 0x000000070c580000, 0x00000007ab400000)
  object space 173568K, 21% used [0x0000000701c00000,0x00000007040c4b30,0x000000070c580000)
 PSPermGen       total 21504K, used 20233K [0x00000006fca00000, 0x00000006fdf00000, 0x0000000701c00000)
  object space 21504K, 94% used [0x00000006fca00000,0x00000006fddc2548,0x00000006fdf00000)
}
Event: 7.388 GC heap before
{Heap before GC invocations=6 (full 0):
 PSYoungGen      total 141824K, used 141824K [0x00000007ab400000, 0x00000007bf500000, 0x0000000800000000)
  eden space 131072K, 100% used [0x00000007ab400000,0x00000007b3400000,0x00000007b3400000)
  from space 10752K, 100% used [0x00000007b3400000,0x00000007b3e80000,0x00000007b3e80000)
  to   space 33280K, 0% used [0x00000007bd480000,0x00000007bd480000,0x00000007bf500000)
 ParOldGen       total 173568K, used 37650K [0x0000000701c00000, 0x000000070c580000, 0x00000007ab400000)
  object space 173568K, 21% used [0x0000000701c00000,0x00000007040c4b30,0x000000070c580000)
 PSPermGen       total 27648K, used 27606K [0x00000006fca00000, 0x00000006fe500000, 0x0000000701c00000)
  object space 27648K, 99% used [0x00000006fca00000,0x00000006fe4f5818,0x00000006fe500000)
Event: 7.406 GC heap after
Heap after GC invocations=6 (full 0):
 PSYoungGen      total 294400K, used 23732K [0x00000007ab400000, 0x00000007bf700000, 0x0000000800000000)
  eden space 261120K, 0% used [0x00000007ab400000,0x00000007ab400000,0x00000007bb300000)
  from space 33280K, 71% used [0x00000007bd480000,0x00000007bebad060,0x00000007bf500000)
  to   space 34304K, 0% used [0x00000007bb300000,0x00000007bb300000,0x00000007bd480000)
 ParOldGen       total 173568K, used 37658K [0x0000000701c00000, 0x000000070c580000, 0x00000007ab400000)
  object space 173568K, 21% used [0x0000000701c00000,0x00000007040c6b30,0x000000070c580000)
 PSPermGen       total 27648K, used 27606K [0x00000006fca00000, 0x00000006fe500000, 0x0000000701c00000)
  object space 27648K, 99% used [0x00000006fca00000,0x00000006fe4f5818,0x00000006fe500000)
}
Event: 9.454 GC heap before
{Heap before GC invocations=7 (full 0):
 PSYoungGen      total 294400K, used 284852K [0x00000007ab400000, 0x00000007bf700000, 0x0000000800000000)
  eden space 261120K, 100% used [0x00000007ab400000,0x00000007bb300000,0x00000007bb300000)
  from space 33280K, 71% used [0x00000007bd480000,0x00000007bebad060,0x00000007bf500000)
  to   space 34304K, 0% used [0x00000007bb300000,0x00000007bb300000,0x00000007bd480000)
 ParOldGen       total 173568K, used 37658K [0x0000000701c00000, 0x000000070c580000, 0x00000007ab400000)
  object space 173568K, 21% used [0x0000000701c00000,0x00000007040c6b30,0x000000070c580000)
 PSPermGen       total 45056K, used 44569K [0x00000006fca00000, 0x00000006ff600000, 0x0000000701c00000)
  object space 45056K, 98% used [0x00000006fca00000,0x00000006ff586438,0x00000006ff600000)
Event: 9.490 GC heap after
Heap after GC invocations=7 (full 0):
 PSYoungGen      total 295424K, used 33354K [0x00000007ab400000, 0x00000007cff00000, 0x0000000800000000)
  eden space 261120K, 0% used [0x00000007ab400000,0x00000007ab400000,0x00000007bb300000)
  from space 34304K, 97% used [0x00000007bb300000,0x00000007bd392898,0x00000007bd480000)
  to   space 39424K, 0% used [0x00000007cd880000,0x00000007cd880000,0x00000007cff00000)
 ParOldGen       total 173568K, used 44420K [0x0000000701c00000, 0x000000070c580000, 0x00000007ab400000)
  object space 173568K, 25% used [0x0000000701c00000,0x00000007047613d0,0x000000070c580000)
 PSPermGen       total 45056K, used 44569K [0x00000006fca00000, 0x00000006ff600000, 0x0000000701c00000)
  object space 45056K, 98% used [0x00000006fca00000,0x00000006ff586438,0x00000006ff600000)
}

Deoptimization events (10 events):
Event: 9.862 Thread 0x0000000013a76800 Uncommon trap: reason=class_check action=maybe_recompile pc=0x0000000003707678 method=java.util.zip.InflaterInputStream.read([BII)I @ 100
Event: 9.862 Thread 0x0000000013a76800 Uncommon trap: reason=class_check action=maybe_recompile pc=0x0000000003aa2168 method=java.io.BufferedInputStream.read1([BII)I @ 39
Event: 9.863 Thread 0x0000000013a76800 Uncommon trap: reason=class_check action=maybe_recompile pc=0x0000000003aa2168 method=java.io.BufferedInputStream.read1([BII)I @ 39
Event: 9.863 Thread 0x0000000013a76800 Uncommon trap: reason=class_check action=maybe_recompile pc=0x0000000003aa2168 method=java.io.BufferedInputStream.read1([BII)I @ 39
Event: 9.865 Thread 0x0000000013a76800 Uncommon trap: reason=class_check action=maybe_recompile pc=0x0000000003707678 method=java.util.zip.InflaterInputStream.read([BII)I @ 100
Event: 9.865 Thread 0x0000000013a76800 Uncommon trap: reason=class_check action=maybe_recompile pc=0x0000000003a78560 method=java.io.BufferedInputStream.read1([BII)I @ 39
Event: 9.865 Thread 0x0000000013a76800 Uncommon trap: reason=class_check action=maybe_recompile pc=0x0000000003707678 method=java.util.zip.InflaterInputStream.read([BII)I @ 100
Event: 9.868 Thread 0x0000000013a76800 Uncommon trap: reason=class_check action=maybe_recompile pc=0x0000000003707678 method=java.util.zip.InflaterInputStream.read([BII)I @ 100
Event: 9.990 Thread 0x0000000013a76800 Uncommon trap: reason=null_check action=make_not_entrant pc=0x00000000038c53c0 method=org.apache.tomcat.util.IntrospectionUtils.findMethods(Ljava/lang/Class;)[Ljava/lang/reflect/Method; @ 7
Event: 9.999 Thread 0x0000000013a76800 Uncommon trap: reason=unreached action=reinterpret pc=0x00000000038171dc method=java.util.Objects.hashCode(Ljava/lang/Object;)I @ 1

Internal exceptions (10 events):
Event: 9.984 Thread 0x0000000013a76800 Threw 0x00000007ad8e4aa8 at C:\re\jdk7u79\2331\hotspot\src\share\vm\prims\jvm.cpp:1304
Event: 9.984 Thread 0x0000000013a76800 Threw 0x00000007ad8e5188 at C:\re\jdk7u79\2331\hotspot\src\share\vm\prims\jvm.cpp:1304
Event: 9.987 Thread 0x0000000013a76800 Threw 0x00000007ad8f6970 at C:\re\jdk7u79\2331\hotspot\src\share\vm\prims\jvm.cpp:1304
Event: 9.987 Thread 0x0000000013a76800 Threw 0x00000007ad8f7000 at C:\re\jdk7u79\2331\hotspot\src\share\vm\prims\jvm.cpp:1304
Event: 9.987 Thread 0x0000000013a76800 Threw 0x00000007ad900c78 at C:\re\jdk7u79\2331\hotspot\src\share\vm\prims\jvm.cpp:1304
Event: 9.987 Thread 0x0000000013a76800 Threw 0x00000007ad9012f0 at C:\re\jdk7u79\2331\hotspot\src\share\vm\prims\jvm.cpp:1304
Event: 9.990 Thread 0x0000000013a76800 Implicit null exception at 0x00000000038c4f34 to 0x00000000038c53b5
Event: 9.999 Thread 0x0000000013a76800 Threw 0x00000007ad9752b8 at C:\re\jdk7u79\2331\hotspot\src\share\vm\prims\jvm.cpp:1304
Event: 9.999 Thread 0x0000000013a76800 Threw 0x00000007ad975a98 at C:\re\jdk7u79\2331\hotspot\src\share\vm\prims\jvm.cpp:1304
Event: 9.999 Thread 0x0000000013a76800 Implicit null exception at 0x000000000381716f to 0x00000000038171ce

Events (10 events):
Event: 9.999 Thread 0x0000000013a76800 DEOPT UNPACKING pc=0x00000000036b92b9 sp=0x000000001636cbc0 mode 1
Event: 9.999 Thread 0x0000000013a76800 DEOPT PACKING pc=0x000000000379b060 sp=0x000000001636ce20
Event: 9.999 Thread 0x0000000013a76800 DEOPT UNPACKING pc=0x00000000036b92b9 sp=0x000000001636cb48 mode 1
Event: 9.999 Thread 0x0000000013a76800 DEOPT PACKING pc=0x000000000394abf8 sp=0x000000001636e860
Event: 9.999 Thread 0x0000000013a76800 DEOPT UNPACKING pc=0x00000000036b92b9 sp=0x000000001636e580 mode 1
Event: 9.999 Thread 0x0000000013a76800 Uncommon trap: trap_request=0xffffffad fr.pc=0x00000000038171dc
Event: 9.999 Thread 0x0000000013a76800 DEOPT PACKING pc=0x00000000038171dc sp=0x000000001636ec10
Event: 9.999 Thread 0x0000000013a76800 DEOPT UNPACKING pc=0x00000000036b75a4 sp=0x000000001636ebb8 mode 2
Event: 10.012 Thread 0x00000000103f0000 flushing nmethod 0x000000000380c6d0
Event: 10.012 Thread 0x00000000103f0000 flushing nmethod 0x000000000380cd10


Dynamic libraries:
0x00007ff7340b0000 - 0x00007ff7340e3000 	C:\Program Files\Java\jdk1.7.0_79\bin\java.exe
0x00007ff881b70000 - 0x00007ff881d4b000 	C:\Windows\SYSTEM32\ntdll.dll
0x00007ff87fb50000 - 0x00007ff87fbfe000 	C:\Windows\System32\KERNEL32.DLL
0x00007ff87e090000 - 0x00007ff87e2d9000 	C:\Windows\System32\KERNELBASE.dll
0x00007ff87f490000 - 0x00007ff87f531000 	C:\Windows\System32\ADVAPI32.dll
0x00007ff8818c0000 - 0x00007ff88195d000 	C:\Windows\System32\msvcrt.dll
0x00007ff881960000 - 0x00007ff8819b9000 	C:\Windows\System32\sechost.dll
0x00007ff87f360000 - 0x00007ff87f485000 	C:\Windows\System32\RPCRT4.dll
0x00007ff87fa00000 - 0x00007ff87fb4a000 	C:\Windows\System32\USER32.dll
0x00007ff87e4c0000 - 0x00007ff87e4de000 	C:\Windows\System32\win32u.dll
0x00007ff8817d0000 - 0x00007ff8817f7000 	C:\Windows\System32\GDI32.dll
0x00007ff87e2e0000 - 0x00007ff87e468000 	C:\Windows\System32\gdi32full.dll
0x00007ff87e540000 - 0x00007ff87e5da000 	C:\Windows\System32\msvcp_win.dll
0x00007ff87e700000 - 0x00007ff87e7f6000 	C:\Windows\System32\ucrtbase.dll
0x00007ff86dd30000 - 0x00007ff86df97000 	C:\Windows\WinSxS\amd64_microsoft.windows.common-controls_6595b64144ccf1df_6.0.15063.483_none_26002d27e7c744a2\COMCTL32.dll
0x00007ff87f700000 - 0x00007ff87f9f9000 	C:\Windows\System32\combase.dll
0x00007ff87e5e0000 - 0x00007ff87e64a000 	C:\Windows\System32\bcryptPrimitives.dll
0x00007ff87fc70000 - 0x00007ff87fc9d000 	C:\Windows\System32\IMM32.DLL
0x0000000058530000 - 0x0000000058602000 	C:\Program Files\Java\jdk1.7.0_79\jre\bin\msvcr100.dll
0x0000000057d50000 - 0x0000000058525000 	C:\Program Files\Java\jdk1.7.0_79\jre\bin\server\jvm.dll
0x00007ff87f2a0000 - 0x00007ff87f2a8000 	C:\Windows\System32\PSAPI.DLL
0x00007ff873f50000 - 0x00007ff873f59000 	C:\Windows\SYSTEM32\WSOCK32.dll
0x00007ff87fd10000 - 0x00007ff87fd7c000 	C:\Windows\System32\WS2_32.dll
0x00007ff87c630000 - 0x00007ff87c653000 	C:\Windows\SYSTEM32\WINMM.dll
0x00007ff87c5d0000 - 0x00007ff87c5fb000 	C:\Windows\SYSTEM32\WINMMBASE.dll
0x00007ff87e470000 - 0x00007ff87e4b9000 	C:\Windows\System32\cfgmgr32.dll
0x0000000057d40000 - 0x0000000057d4f000 	C:\Program Files\Java\jdk1.7.0_79\jre\bin\verify.dll
0x0000000057d10000 - 0x0000000057d38000 	C:\Program Files\Java\jdk1.7.0_79\jre\bin\java.dll
0x0000000057cd0000 - 0x0000000057d05000 	C:\Program Files\Java\jdk1.7.0_79\jre\bin\jdwp.dll
0x0000000057cc0000 - 0x0000000057cc8000 	C:\Program Files\Java\jdk1.7.0_79\jre\bin\npt.dll
0x0000000057ca0000 - 0x0000000057cb5000 	C:\Program Files\Java\jdk1.7.0_79\jre\bin\zip.dll
0x0000000057c90000 - 0x0000000057c99000 	C:\Program Files\Java\jdk1.7.0_79\jre\bin\dt_socket.dll
0x00007ff87d8f0000 - 0x00007ff87d94c000 	C:\Windows\system32\mswsock.dll
0x0000000057c70000 - 0x0000000057c8a000 	C:\Program Files\Java\jdk1.7.0_79\jre\bin\net.dll
0x0000000057c50000 - 0x0000000057c61000 	C:\Program Files\Java\jdk1.7.0_79\jre\bin\nio.dll
0x0000000057c40000 - 0x0000000057c4b000 	C:\Program Files\Java\jdk1.7.0_79\jre\bin\management.dll
0x00007ff86e3b0000 - 0x00007ff86e3c6000 	C:\Windows\system32\napinsp.dll
0x00007ff86e390000 - 0x00007ff86e3aa000 	C:\Windows\system32\pnrpnsp.dll
0x00007ff87c310000 - 0x00007ff87c328000 	C:\Windows\system32\NLAapi.dll
0x00007ff87d6d0000 - 0x00007ff87d774000 	C:\Windows\SYSTEM32\DNSAPI.dll
0x00007ff87fd00000 - 0x00007ff87fd08000 	C:\Windows\System32\NSI.dll
0x00007ff87d690000 - 0x00007ff87d6c7000 	C:\Windows\SYSTEM32\IPHLPAPI.DLL
0x00007ff86c480000 - 0x00007ff86c48e000 	C:\Windows\System32\winrnr.dll
0x00007ff86c460000 - 0x00007ff86c475000 	C:\Windows\System32\wshbth.dll
0x00007ff878a00000 - 0x00007ff878a0a000 	C:\Windows\System32\rasadhlp.dll
0x00007ff87a3d0000 - 0x00007ff87a43b000 	C:\Windows\System32\fwpuclnt.dll
0x00007ff87dba0000 - 0x00007ff87dbc5000 	C:\Windows\SYSTEM32\bcrypt.dll
0x00007ff87da90000 - 0x00007ff87daa7000 	C:\Windows\SYSTEM32\CRYPTSP.dll
0x00007ff87d520000 - 0x00007ff87d554000 	C:\Windows\system32\rsaenh.dll
0x00007ff87dee0000 - 0x00007ff87df09000 	C:\Windows\SYSTEM32\USERENV.dll
0x00007ff87e070000 - 0x00007ff87e085000 	C:\Windows\System32\profapi.dll
0x00007ff87dab0000 - 0x00007ff87dabb000 	C:\Windows\SYSTEM32\CRYPTBASE.dll
0x00007ff87a3b0000 - 0x00007ff87a3c6000 	C:\Windows\SYSTEM32\dhcpcsvc6.DLL
0x00007ff87a290000 - 0x00007ff87a2aa000 	C:\Windows\SYSTEM32\dhcpcsvc.DLL

VM Arguments:
jvm_args: -agentlib:jdwp=transport=dt_socket,address=127.0.0.1:62736,suspend=y,server=n -Dmaven.multiModuleProjectDirectory=D:\Learn\WorkPlace\j2eelab\j2eelab -Dmaven.home=D:\IDEA\IntelliJ IDEA 2017.1.4\plugins\maven\lib\maven3 -Dclassworlds.conf=D:\IDEA\IntelliJ IDEA 2017.1.4\plugins\maven\lib\maven3\bin\m2.conf -Dfile.encoding=UTF-8 
java_command: org.codehaus.classworlds.Launcher -Didea.version=2017.1.4 spring-boot:run -P local
Launcher Type: SUN_STANDARD

Environment Variables:
JAVA_HOME=C:\Program Files\Java\jdk1.7.0_79
CLASSPATH=.;C:\Program Files\Java\jdk1.7.0_79\lib\dt.jar;C:\Program Files\Java\jdk1.7.0_79\lib\tools.jar;
PATH=C:\Program Files (x86)\python\Scripts\;C:\Program Files (x86)\python\;C:\Windows\system32;C:\Windows;C:\Windows\System32\Wbem;C:\Windows\System32\WindowsPowerShell\v1.0\;C:\Program Files\Java\jdk1.7.0_79\bin;C:\Program Files\Java\jdk1.7.0_79\jre\bin;D:\Work\apache-maven-3.3.3\bin;D:\nutstore\new\Android\android-sdk\platform-tools;D:\nutstore\new\Android\android-sdk\tools;C:\Program Files (x86)\GtkSharp\2.12\bin;C:\Program Files\dotnet\;C:\Program Files\nodejs\;C:\gradle\gradle-4.9\bin;C:\python37;C:\python37\Scripts;C:\Program Files\TortoiseGit\bin;D:\nutstore\new\Appium;C:\Program Files\Git\bin;C:\Program Files (x86)\Graphviz2.38\bin;
USERNAME=xiezongyu
OS=Windows_NT
PROCESSOR_IDENTIFIER=Intel64 Family 6 Model 158 Stepping 9, GenuineIntel



---------------  S Y S T E M  ---------------

OS: Windows 8.1 , 64 bit Build 9600 

CPU:total 4 (4 cores per cpu, 1 threads per core) family 6 model 158 stepping 9, cmov, cx8, fxsr, mmx, sse, sse2, sse3, ssse3, sse4.1, sse4.2, popcnt, avx, avx2, aes, erms, tsc, tscinvbit

Memory: 4k page, physical 16658532k(3338432k free), swap 32387040k(3036k free)

vm_info: Java HotSpot(TM) 64-Bit Server VM (24.79-b02) for windows-amd64 JRE (1.7.0_79-b15), built on Apr 10 2015 12:36:16 by "java_re" with unknown MS VC++:1600

time: Wed Apr 10 10:16:42 2019
elapsed time: 10 seconds

